app/build/outputs/mapping/debug/seeds.txt
id.co.gesangmultimedia.sergap.info: void calldishub(android.view.View)
id.co.gesangmultimedia.sergap.info: void callsargap(android.view.View)
id.co.gesangmultimedia.sergap.splashscreen
id.co.gesangmultimedia.sergap.MainActivity: void info(android.view.View)
id.co.gesangmultimedia.sergap.info: void callbpbd(android.view.View)
id.co.gesangmultimedia.sergap.splashscreen: splashscreen()
id.co.gesangmultimedia.sergap.MainActivity
id.co.gesangmultimedia.sergap.info: void callpolpp(android.view.View)
id.co.gesangmultimedia.sergap.MainActivity: void telpon(android.view.View)
id.co.gesangmultimedia.sergap.info: void calljashar(android.view.View)
id.co.gesangmultimedia.sergap.info
id.co.gesangmultimedia.sergap.info: void callpolres(android.view.View)
id.co.gesangmultimedia.sergap.info: void calldamkar(android.view.View)
id.co.gesangmultimedia.sergap.info: void calldinkes(android.view.View)
id.co.gesangmultimedia.sergap.MainActivity: MainActivity()
id.co.gesangmultimedia.sergap.info: info()
id.co.gesangmultimedia.sergap.MainActivity: void panggil(android.view.View)
id.co.gesangmultimedia.sergap.info: void callrsi(android.view.View)
id.co.gesangmultimedia.sergap.info: void calldpu(android.view.View)
id.co.gesangmultimedia.sergap.info: void callpmi(android.view.View)
...
com.google.android.material.floatingactionbutton.FloatingActionButton: void setCompatHoveredFocusedTranslationZResource(int)
com.google.android.gms.internal.measurement.zzcd$zzk
com.google.android.gms.internal.measurement.zzbv$zza: com.google.android.gms.internal.measurement.zzbv$zza zzi
androidx.appcompat.widget.AppCompatImageView: void setSupportImageTintList(android.content.res.ColorStateList)
androidx.cardview.widget.CardView: float getRadius()
com.google.android.gms.internal.measurement.zzcd$zzg: long zzas
androidx.recyclerview.widget.LinearLayoutManager: LinearLayoutManager(android.content.Context,android.util.AttributeSet,int,int)
androidx.appcompat.app.AppCompatActivity: void setContentView(android.view.View)
androidx.constraintlayout.widget.Guideline
com.google.android.gms.internal.measurement.zzbv$zzf: int zzd
androidx.constraintlayout.widget.Barrier: void setMargin(int)
androidx.appcompat.widget.DropDownListView: void setSelector(android.graphics.drawable.Drawable)
com.google.android.material.bottomappbar.BottomAppBar: int getRightInset()
androidx.appcompat.widget.ActionMenuView: ActionMenuView(android.content.Context,android.util.AttributeSet)
com.google.android.gms.measurement.AppMeasurementJobService
com.google.android.gms.dynamite.descriptors.com.google.android.gms.measurement.dynamite.ModuleDescriptor: ModuleDescriptor()
com.google.android.material.textfield.TextInputLayout: com.google.android.material.shape.MaterialShapeDrawable getBoxBackground()
androidx.appcompat.widget.Toolbar: void setSubtitleTextColor(int)
com.google.android.gms.measurement.AppMeasurement: long generateEventId()
androidx.core.widget.NestedScrollView: int getScrollRange()
com.google.android.material.card.MaterialCardView: void setProgress(float)
com.google.android.material.chip.Chip: void setChipMinHeight(float)
androidx.versionedparcelable.ParcelImpl: android.os.Parcelable$Creator CREATOR
com.google.android.material.card.MaterialCardView
com.google.android.gms.internal.measurement.zzck$zzb: java.lang.String zzd
com.google.android.material.chip.Chip: float getTextStartPadding()
com.google.android.gms.measurement.internal.AppMeasurementDynamiteService: void setConditionalUserProperty(android.os.Bundle,long)
com.google.android.material.textfield.TextInputEditText: com.google.android.material.textfield.TextInputLayout getTextInputLayout()
com.google.android.gms.internal.measurement.zzca$zzc: com.google.android.gms.internal.measurement.zzca$zzc zzf
androidx.media.AudioAttributesImplApi21Parcelizer: void write(androidx.media.AudioAttributesImplApi21,androidx.versionedparcelable.VersionedParcel)
com.google.android.material.chip.Chip: void setOnCheckedChangeListenerInternal(android.widget.CompoundButton$OnCheckedChangeListener)
com.google.android.material.chip.Chip: void setChipIcon(android.graphics.drawable.Drawable)
com.google.android.gms.measurement.AppMeasurement: void setConditionalUserProperty(com.google.android.gms.measurement.AppMeasurement$ConditionalUserProperty)
com.google.android.material.textfield.TextInputLayout: java.lang.CharSequence getPlaceholderText()
com.google.android.material.textfield.TextInputLayout: void setPlaceholderText(java.lang.CharSequence)
com.google.android.material.chip.Chip: void setChipText(java.lang.CharSequence)
androidx.appcompat.widget.AppCompatTextView: androidx.core.text.PrecomputedTextCompat$Params getTextMetricsParamsCompat()
com.google.android.material.floatingactionbutton.FloatingActionButton: void setVisibility(int)
com.google.android.gms.measurement.AppMeasurement$ConditionalUserProperty: android.os.Bundle mTriggeredEventParams
com.google.android.gms.internal.measurement.zzck$zzd: java.lang.String zze
androidx.cardview.widget.CardView: void setCardBackgroundColor(int)
com.google.android.material.button.MaterialButton: android.graphics.PorterDuff$Mode getBackgroundTintMode()
com.google.android.gms.internal.measurement.zzc: android.os.IBinder asBinder()