app/build/outputs/mapping/debug/mapping.txt
# compiler: R8
# compiler_version: 2.1.62
# min_api: 30
# pg_map_id: 6fff297
# common_typos_disable
id.co.gesangmultimedia.sergap.-$$Lambda$MainActivity$diVF7-NeG6ZF3Y3yNPyI2207Uew -> d.a.a.a.a:
    id.co.gesangmultimedia.sergap.MainActivity f$0 -> a
id.co.gesangmultimedia.sergap.MainActivity -> id.co.gesangmultimedia.sergap.MainActivity:
    36:36:void <init>() -> <init>
    80:89:void lambda$tampilDialog$0(android.content.DialogInterface,int) -> F
    void lambda$tampilDialog$0$MainActivity(android.content.DialogInterface,int) -> G
    79:95:void tampilDialog() -> H
    127:129:void info(android.view.View) -> info
    40:76:void onCreate(android.os.Bundle) -> onCreate
    99:124:void panggil(android.view.View) -> panggil
    132:133:void telpon(android.view.View) -> telpon
id.co.gesangmultimedia.sergap.info -> id.co.gesangmultimedia.sergap.info:
    19:19:void <init>() -> <init>
    160:180:void callbpbd(android.view.View) -> callbpbd
    229:249:void calldamkar(android.view.View) -> calldamkar
    137:157:void calldinkes(android.view.View) -> calldinkes
    88:111:void calldishub(android.view.View) -> calldishub
    114:134:void calldpu(android.view.View) -> calldpu
    61:84:void calljashar(android.view.View) -> calljashar
    183:203:void callpmi(android.view.View) -> callpmi
    252:272:void callpolpp(android.view.View) -> callpolpp
    29:57:void callpolres(android.view.View) -> callpolres
    206:226:void callrsi(android.view.View) -> callrsi
    274:294:void callsargap(android.view.View) -> callsargap
    23:25:void onCreate(android.os.Bundle) -> onCreate
id.co.gesangmultimedia.sergap.splashscreen -> id.co.gesangmultimedia.sergap.splashscreen:
    int waktu_loading -> n
    9:10:void <init>() -> <init>
    14:27:void onCreate(android.os.Bundle) -> onCreate
id.co.gesangmultimedia.sergap.splashscreen$1 -> id.co.gesangmultimedia.sergap.splashscreen$a:
    id.co.gesangmultimedia.sergap.splashscreen this$0 -> a
    18:18:void <init>(id.co.gesangmultimedia.sergap.splashscreen) -> <init>
    22:25:void run() -> run
...
androidx.mediarouter.R$styleable -> b.p.a:
    int[] MediaRouteButton -> a
androidx.mediarouter.app.MediaRouteActionProvider -> androidx.mediarouter.app.MediaRouteActionProvider:
    androidx.mediarouter.media.MediaRouteSelector mSelector -> d
    androidx.mediarouter.media.MediaRouter mRouter -> c
    androidx.mediarouter.app.MediaRouteButton mButton -> f
    androidx.mediarouter.app.MediaRouteDialogFactory mDialogFactory -> e
    147:162:void <init>(android.content.Context) -> <init>
    335:335:boolean isVisible() -> c
    303:317:android.view.View onCreateActionView() -> d
    322:325:boolean onPerformDefaultAction() -> f
    330:330:boolean overridesItemVisibility() -> h
    297:297:androidx.mediarouter.app.MediaRouteButton onCreateMediaRouteButton() -> m
    340:341:void refreshRoute() -> n
androidx.mediarouter.app.MediaRouteActionProvider$MediaRouterCallback -> androidx.mediarouter.app.MediaRouteActionProvider$a:
    java.lang.ref.WeakReference mProviderWeak -> a
    346:348:void <init>(androidx.mediarouter.app.MediaRouteActionProvider) -> <init>
    367:368:void onProviderAdded(androidx.mediarouter.media.MediaRouter,androidx.mediarouter.media.MediaRouter$ProviderInfo) -> a
    377:378:void onProviderChanged(androidx.mediarouter.media.MediaRouter,androidx.mediarouter.media.MediaRouter$ProviderInfo) -> b
    372:373:void onProviderRemoved(androidx.mediarouter.media.MediaRouter,androidx.mediarouter.media.MediaRouter$ProviderInfo) -> c
    352:353:void onRouteAdded(androidx.mediarouter.media.MediaRouter,androidx.mediarouter.media.MediaRouter$RouteInfo) -> d
    362:363:void onRouteChanged(androidx.mediarouter.media.MediaRouter,androidx.mediarouter.media.MediaRouter$RouteInfo) -> e
    357:358:void onRouteRemoved(androidx.mediarouter.media.MediaRouter,androidx.mediarouter.media.MediaRouter$RouteInfo) -> g
    381:387:void refreshRoute(androidx.mediarouter.media.MediaRouter) -> n
androidx.mediarouter.app.MediaRouteButton -> b.p.b.a:
    boolean mAlwaysVisible -> n
    androidx.mediarouter.media.MediaRouter mRouter -> a
    int mMinWidth -> l
    boolean mCheatSheetEnabled -> o
    androidx.mediarouter.app.MediaRouteButton$ConnectivityReceiver sConnectivityReceiver -> p
    int mMinHeight -> m
    int[] CHECKED_STATE_SET -> r
    int mConnectionState -> j
    int[] CHECKABLE_STATE_SET -> s
    android.graphics.drawable.Drawable mRemoteIndicator -> h
    android.util.SparseArray sRemoteIndicatorCache -> q
    int mRemoteIndicatorResIdToLoad -> i
    int mVisibility -> f
    androidx.mediarouter.app.MediaRouteButton$MediaRouterCallback mCallback -> b
    androidx.mediarouter.app.MediaRouteButton$RemoteIndicatorLoader mRemoteIndicatorLoader -> g
    androidx.mediarouter.media.MediaRouteSelector mSelector -> c
    boolean mAttachedToWindow -> e
    androidx.mediarouter.app.MediaRouteDialogFactory mDialogFactory -> d
    android.content.res.ColorStateList mButtonTint -> k
    113:142:void <clinit>() -> <clinit>
    147:148:void <init>(android.content.Context) -> <init>
    151:152:void <init>(android.content.Context,android.util.AttributeSet) -> <init>
    106:213:void <init>(android.content.Context,android.util.AttributeSet,int) -> <init>
    633:642:void loadRemoteIndicatorIfNeeded() -> a
    691:732:void refreshRoute() -> b
    682:688:void refreshVisibility() -> c
    322:339:boolean showDialog() -> d
androidx.mediarouter.app.MediaRouteButton$ConnectivityReceiver -> b.p.b.a$a:
    android.content.Context mContext -> a
    java.util.List mButtons -> c
    boolean mIsConnected -> b
    850:856:void <init>(android.content.Context) -> <init>
    876:876:boolean isConnected() -> a
    859:865:void registerReceiver(androidx.mediarouter.app.MediaRouteButton) -> b
    868:873:void unregisterReceiver(androidx.mediarouter.app.MediaRouteButton) -> c
    881:892:void onReceive(android.content.Context,android.content.Intent) -> onReceive