app/build/outputs/mapping/debug/usage.txt
id.co.gesangmultimedia.sergap.R$style
id.co.gesangmultimedia.sergap.R$color
id.co.gesangmultimedia.sergap.R$id
id.co.gesangmultimedia.sergap.R$xml
id.co.gesangmultimedia.sergap.R$mipmap
id.co.gesangmultimedia.sergap.R$array
id.co.gesangmultimedia.sergap.R$string
id.co.gesangmultimedia.sergap.R$plurals
id.co.gesangmultimedia.sergap.R$interpolator
id.co.gesangmultimedia.sergap.R$anim
id.co.gesangmultimedia.sergap.R
id.co.gesangmultimedia.sergap.R$animator
id.co.gesangmultimedia.sergap.R$font
id.co.gesangmultimedia.sergap.R$drawable
id.co.gesangmultimedia.sergap.R$layout
id.co.gesangmultimedia.sergap.BuildConfig
id.co.gesangmultimedia.sergap.R$styleable
id.co.gesangmultimedia.sergap.R$bool
id.co.gesangmultimedia.sergap.R$integer
id.co.gesangmultimedia.sergap.R$attr
id.co.gesangmultimedia.sergap.R$dimen
...
androidx.versionedparcelable.VersionedParcel:
    private void writeCollection(java.util.Collection,int)
    private void writeCollection(java.util.Collection)
    private int getType(java.lang.Object)
    private void writeSerializable(java.io.Serializable)
    private int readExceptionCode()
    private java.lang.Exception readException(int,java.lang.String)
    protected static java.lang.Throwable getRootCause(java.lang.Throwable)
    private java.lang.Exception createException(int,java.lang.String)
    private java.util.Collection readCollection(java.util.Collection)
    protected abstract void writeByteArray(byte[],int,int)
    protected abstract void writeLong(long)
    protected abstract void writeFloat(float)
    protected abstract void writeDouble(double)
    protected abstract void writeStrongBinder(android.os.IBinder)
    protected abstract void writeStrongInterface(android.os.IInterface)
    protected abstract void writeBundle(android.os.Bundle)
    protected abstract long readLong()
    protected abstract float readFloat()
    protected abstract double readDouble()
    protected abstract android.os.IBinder readStrongBinder()
    protected abstract android.os.Bundle readBundle()
    public void writeStrongInterface(android.os.IInterface,int)
    public void writeBundle(android.os.Bundle,int)
    public void writeByteArray(byte[],int,int,int)
    public void writeLong(long,int)
    public void writeFloat(float,int)
    public void writeDouble(double,int)
androidx.transition.ChangeTransform$1
com.google.firebase.events.Publisher:
    public abstract void publish(com.google.firebase.events.Event)
com.google.android.gms.maps.internal.zzbo
com.google.android.play.core.splitinstall.model.SplitInstallErrorCode
com.google.android.gms.common.internal.zza
com.google.firebase.installations.R$id
com.google.firebase.BuildConfig
com.google.android.material.transition.MaterialContainerTransform$TransitionDrawable$1
androidx.viewpager2.widget.ViewPager2$ScrollState
com.google.android.material.shape.AbsoluteCornerSize:
    public float getCornerSize()
com.google.android.material.floatingactionbutton.BorderDrawable$1
androidx.transition.ViewUtilsApi21:
    public void setAnimationMatrix(android.view.View,android.graphics.Matrix)
androidx.transition.R$drawable
com.google.gson.internal.bind.TypeAdapterRuntimeTypeWrapper
com.google.android.gms.internal.location.zzam
androidx.recyclerview.widget.GridLayoutManager$LayoutParams:
    public void <init>(androidx.recyclerview.widget.RecyclerView$LayoutParams)
    public static final int INVALID_SPAN_ID
androidx.transition.Styleable$Fade
com.google.firebase.R$id
androidx.appcompat.view.menu.StandardMenuPopup:
    public android.os.Parcelable onSaveInstanceState()
    public void onRestoreInstanceState(android.os.Parcelable)
com.google.android.material.slider.BaseSlider$AccessibilityEventSender
com.google.gson.LongSerializationPolicy
com.google.android.material.transition.platform.MaterialContainerTransform$1
com.google.android.play.core.internal.ac
com.google.android.gms.location.places.zzn
androidx.viewpager.widget.ViewPager$1
com.google.firebase.analytics.connector.AnalyticsConnector$ConditionalUserProperty
androidx.appcompat.widget.DialogTitle:
    public void <init>(android.content.Context,android.util.AttributeSet,int)
    public void <init>(android.content.Context)
androidx.media.VolumeProviderCompat$Callback
androidx.cardview.R$style
com.google.android.gms.signin.internal.SignInClientImpl:
    public final void zaa(com.google.android.gms.common.internal.IAccountAccessor,boolean)
    public final void zaa()
androidx.transition.RectEvaluator:
    void <init>(android.graphics.Rect)
androidx.recyclerview.widget.AsyncListUtil$1
com.google.android.gms.common.api.internal.zaat
androidx.appcompat.app.AppCompatDelegateImpl$ConfigurationImplApi26:
    private void <init>()
okhttp3.internal.http2.Http2Connection$3